0 info it worked if it ends with ok
1 verbose cli [ 'node', '/usr/local/bin/npm', 'install' ]
2 info using npm@1.2.0
3 info using node@v0.8.17
4 verbose read json /Users/feliperoriz/Google Drive/Companies/Tech Draft/PeopleCoChallenge/peopleco-challenge-nodejs/package.json
5 verbose readDependencies using package.json deps
6 verbose install where, deps [ '/Users/feliperoriz/Google Drive/Companies/Tech Draft/PeopleCoChallenge/peopleco-challenge-nodejs',
6 verbose install   [ 'underscore',
6 verbose install     'grunt-contrib-jshint',
6 verbose install     'grunt-contrib-nodeunit',
6 verbose install     'grunt-contrib-watch',
6 verbose install     'load-grunt-tasks',
6 verbose install     'time-grunt',
6 verbose install     'jshint-stylish',
6 verbose install     'express' ] ]
7 verbose from cache /Users/feliperoriz/Google Drive/Companies/Tech Draft/PeopleCoChallenge/peopleco-challenge-nodejs/package.json
8 info preinstall peopleco-challenge-nodejs@0.0.0
9 verbose from cache /Users/feliperoriz/Google Drive/Companies/Tech Draft/PeopleCoChallenge/peopleco-challenge-nodejs/package.json
10 verbose readDependencies using package.json deps
11 verbose cache add [ 'underscore@~1.6.0', null ]
12 silly cache add name=undefined spec="underscore@~1.6.0" args=["underscore@~1.6.0",null]
13 verbose parsed url { pathname: 'underscore@~1.6.0',
13 verbose parsed url   path: 'underscore@~1.6.0',
13 verbose parsed url   href: 'underscore@~1.6.0' }
14 silly cache add name="underscore" spec="~1.6.0" args=["underscore","~1.6.0"]
15 verbose parsed url { pathname: '~1.6.0', path: '~1.6.0', href: '~1.6.0' }
16 verbose addNamed [ 'underscore', '~1.6.0' ]
17 verbose addNamed [ null, '>=1.6.0- <1.7.0-' ]
18 verbose cache add [ 'grunt-contrib-jshint@^0.10.0', null ]
19 silly cache add name=undefined spec="grunt-contrib-jshint@^0.10.0" args=["grunt-contrib-jshint@^0.10.0",null]
20 verbose parsed url { pathname: 'grunt-contrib-jshint@^0.10.0',
20 verbose parsed url   path: 'grunt-contrib-jshint@^0.10.0',
20 verbose parsed url   href: 'grunt-contrib-jshint@^0.10.0' }
21 silly cache add name="grunt-contrib-jshint" spec="^0.10.0" args=["grunt-contrib-jshint","^0.10.0"]
22 verbose parsed url { pathname: '^0.10.0', path: '^0.10.0', href: '^0.10.0' }
23 verbose addNamed [ 'grunt-contrib-jshint', '^0.10.0' ]
24 verbose addNamed [ null, null ]
25 silly lockFile 03145d98-underscore-1-6-0 underscore@~1.6.0
26 verbose lock underscore@~1.6.0 /Users/feliperoriz/.npm/03145d98-underscore-1-6-0.lock
27 silly lockFile 1bfa20d8-grunt-contrib-jshint-0-10-0 grunt-contrib-jshint@^0.10.0
28 verbose lock grunt-contrib-jshint@^0.10.0 /Users/feliperoriz/.npm/1bfa20d8-grunt-contrib-jshint-0-10-0.lock
29 verbose cache add [ 'grunt-contrib-nodeunit@^0.3.3', null ]
30 silly cache add name=undefined spec="grunt-contrib-nodeunit@^0.3.3" args=["grunt-contrib-nodeunit@^0.3.3",null]
31 verbose parsed url { pathname: 'grunt-contrib-nodeunit@^0.3.3',
31 verbose parsed url   path: 'grunt-contrib-nodeunit@^0.3.3',
31 verbose parsed url   href: 'grunt-contrib-nodeunit@^0.3.3' }
32 silly cache add name="grunt-contrib-nodeunit" spec="^0.3.3" args=["grunt-contrib-nodeunit","^0.3.3"]
33 verbose parsed url { pathname: '^0.3.3', path: '^0.3.3', href: '^0.3.3' }
34 verbose addNamed [ 'grunt-contrib-nodeunit', '^0.3.3' ]
35 verbose addNamed [ null, null ]
36 silly lockFile 3625df05-grunt-contrib-nodeunit-0-3-3 grunt-contrib-nodeunit@^0.3.3
37 verbose lock grunt-contrib-nodeunit@^0.3.3 /Users/feliperoriz/.npm/3625df05-grunt-contrib-nodeunit-0-3-3.lock
38 verbose cache add [ 'grunt-contrib-watch@^0.6.1', null ]
39 silly cache add name=undefined spec="grunt-contrib-watch@^0.6.1" args=["grunt-contrib-watch@^0.6.1",null]
40 verbose parsed url { pathname: 'grunt-contrib-watch@^0.6.1',
40 verbose parsed url   path: 'grunt-contrib-watch@^0.6.1',
40 verbose parsed url   href: 'grunt-contrib-watch@^0.6.1' }
41 silly cache add name="grunt-contrib-watch" spec="^0.6.1" args=["grunt-contrib-watch","^0.6.1"]
42 verbose parsed url { pathname: '^0.6.1', path: '^0.6.1', href: '^0.6.1' }
43 verbose addNamed [ 'grunt-contrib-watch', '^0.6.1' ]
44 verbose addNamed [ null, null ]
45 silly lockFile 224b1ece-grunt-contrib-watch-0-6-1 grunt-contrib-watch@^0.6.1
46 verbose lock grunt-contrib-watch@^0.6.1 /Users/feliperoriz/.npm/224b1ece-grunt-contrib-watch-0-6-1.lock
47 verbose cache add [ 'load-grunt-tasks@^0.4.0', null ]
48 silly cache add name=undefined spec="load-grunt-tasks@^0.4.0" args=["load-grunt-tasks@^0.4.0",null]
49 verbose parsed url { pathname: 'load-grunt-tasks@^0.4.0',
49 verbose parsed url   path: 'load-grunt-tasks@^0.4.0',
49 verbose parsed url   href: 'load-grunt-tasks@^0.4.0' }
50 silly cache add name="load-grunt-tasks" spec="^0.4.0" args=["load-grunt-tasks","^0.4.0"]
51 verbose parsed url { pathname: '^0.4.0', path: '^0.4.0', href: '^0.4.0' }
52 verbose addNamed [ 'load-grunt-tasks', '^0.4.0' ]
53 verbose addNamed [ null, null ]
54 silly lockFile b8239e6c-load-grunt-tasks-0-4-0 load-grunt-tasks@^0.4.0
55 verbose lock load-grunt-tasks@^0.4.0 /Users/feliperoriz/.npm/b8239e6c-load-grunt-tasks-0-4-0.lock
56 silly addNameRange { name: 'underscore', range: '>=1.6.0- <1.7.0-', hasData: false }
57 info addNameTag [ 'grunt-contrib-jshint', '^0.10.0' ]
58 info addNameTag [ 'grunt-contrib-nodeunit', '^0.3.3' ]
59 info addNameTag [ 'grunt-contrib-watch', '^0.6.1' ]
60 info addNameTag [ 'load-grunt-tasks', '^0.4.0' ]
61 verbose url raw underscore
62 verbose url resolving [ 'https://registry.npmjs.org/', './underscore' ]
63 verbose url resolved https://registry.npmjs.org/underscore
64 info trying registry request attempt 1 at 16:30:29
65 verbose etag "4LCU9JJMFR3UU4KY53I46X66T"
66 http GET https://registry.npmjs.org/underscore
67 verbose url raw grunt-contrib-jshint
68 verbose url resolving [ 'https://registry.npmjs.org/', './grunt-contrib-jshint' ]
69 verbose url resolved https://registry.npmjs.org/grunt-contrib-jshint
70 info trying registry request attempt 1 at 16:30:29
71 verbose etag "7JLAFBKQONHIJVZEQQRWYF24Q"
72 http GET https://registry.npmjs.org/grunt-contrib-jshint
73 verbose url raw grunt-contrib-nodeunit
74 verbose url resolving [ 'https://registry.npmjs.org/', './grunt-contrib-nodeunit' ]
75 verbose url resolved https://registry.npmjs.org/grunt-contrib-nodeunit
76 info trying registry request attempt 1 at 16:30:29
77 verbose etag "1E44473EZZBZ6S2ONELHQU5K2"
78 http GET https://registry.npmjs.org/grunt-contrib-nodeunit
79 verbose url raw grunt-contrib-watch
80 verbose url resolving [ 'https://registry.npmjs.org/', './grunt-contrib-watch' ]
81 verbose url resolved https://registry.npmjs.org/grunt-contrib-watch
82 info trying registry request attempt 1 at 16:30:29
83 verbose etag "CYEPAHD8RPL2P0FZ37OJ6LZST"
84 http GET https://registry.npmjs.org/grunt-contrib-watch
85 verbose url raw load-grunt-tasks
86 verbose url resolving [ 'https://registry.npmjs.org/', './load-grunt-tasks' ]
87 verbose url resolved https://registry.npmjs.org/load-grunt-tasks
88 info trying registry request attempt 1 at 16:30:29
89 verbose etag "CSNQUWKP9A83QZXL859ZTMELJ"
90 http GET https://registry.npmjs.org/load-grunt-tasks
91 verbose cache add [ 'time-grunt@^0.3.1', null ]
92 silly cache add name=undefined spec="time-grunt@^0.3.1" args=["time-grunt@^0.3.1",null]
93 verbose parsed url { pathname: 'time-grunt@^0.3.1',
93 verbose parsed url   path: 'time-grunt@^0.3.1',
93 verbose parsed url   href: 'time-grunt@^0.3.1' }
94 silly cache add name="time-grunt" spec="^0.3.1" args=["time-grunt","^0.3.1"]
95 verbose parsed url { pathname: '^0.3.1', path: '^0.3.1', href: '^0.3.1' }
96 verbose addNamed [ 'time-grunt', '^0.3.1' ]
97 verbose addNamed [ null, null ]
98 silly lockFile c6fdd19d-time-grunt-0-3-1 time-grunt@^0.3.1
99 verbose lock time-grunt@^0.3.1 /Users/feliperoriz/.npm/c6fdd19d-time-grunt-0-3-1.lock
100 verbose cache add [ 'jshint-stylish@^0.2.0', null ]
101 silly cache add name=undefined spec="jshint-stylish@^0.2.0" args=["jshint-stylish@^0.2.0",null]
102 verbose parsed url { pathname: 'jshint-stylish@^0.2.0',
102 verbose parsed url   path: 'jshint-stylish@^0.2.0',
102 verbose parsed url   href: 'jshint-stylish@^0.2.0' }
103 silly cache add name="jshint-stylish" spec="^0.2.0" args=["jshint-stylish","^0.2.0"]
104 verbose parsed url { pathname: '^0.2.0', path: '^0.2.0', href: '^0.2.0' }
105 verbose addNamed [ 'jshint-stylish', '^0.2.0' ]
106 verbose addNamed [ null, null ]
107 silly lockFile 1d33a9dd-jshint-stylish-0-2-0 jshint-stylish@^0.2.0
108 verbose lock jshint-stylish@^0.2.0 /Users/feliperoriz/.npm/1d33a9dd-jshint-stylish-0-2-0.lock
109 verbose cache add [ 'express@~4.4.5', null ]
110 silly cache add name=undefined spec="express@~4.4.5" args=["express@~4.4.5",null]
111 verbose parsed url { pathname: 'express@~4.4.5',
111 verbose parsed url   path: 'express@~4.4.5',
111 verbose parsed url   href: 'express@~4.4.5' }
112 silly cache add name="express" spec="~4.4.5" args=["express","~4.4.5"]
113 verbose parsed url { pathname: '~4.4.5', path: '~4.4.5', href: '~4.4.5' }
114 verbose addNamed [ 'express', '~4.4.5' ]
115 verbose addNamed [ null, '>=4.4.5- <4.5.0-' ]
116 silly lockFile 5042c25f-express-4-4-5 express@~4.4.5
117 verbose lock express@~4.4.5 /Users/feliperoriz/.npm/5042c25f-express-4-4-5.lock
118 info addNameTag [ 'time-grunt', '^0.3.1' ]
119 info addNameTag [ 'jshint-stylish', '^0.2.0' ]
120 silly addNameRange { name: 'express', range: '>=4.4.5- <4.5.0-', hasData: false }
121 verbose url raw time-grunt
122 verbose url resolving [ 'https://registry.npmjs.org/', './time-grunt' ]
123 verbose url resolved https://registry.npmjs.org/time-grunt
124 info trying registry request attempt 1 at 16:30:30
125 verbose etag "C0C7NQCRWJJ2GPD86M5QOK3IS"
126 http GET https://registry.npmjs.org/time-grunt
127 verbose url raw jshint-stylish
128 verbose url resolving [ 'https://registry.npmjs.org/', './jshint-stylish' ]
129 verbose url resolved https://registry.npmjs.org/jshint-stylish
130 info trying registry request attempt 1 at 16:30:30
131 verbose etag "24XQK3SUAEJIAI32TYXI3X6DM"
132 http GET https://registry.npmjs.org/jshint-stylish
133 verbose url raw express
134 verbose url resolving [ 'https://registry.npmjs.org/', './express' ]
135 verbose url resolved https://registry.npmjs.org/express
136 info trying registry request attempt 1 at 16:30:30
137 verbose etag "98RJGTUG1S96MFXRFJYQXQC9M"
138 http GET https://registry.npmjs.org/express
139 http 304 https://registry.npmjs.org/grunt-contrib-watch
140 silly registry.get cb [ 304,
140 silly registry.get   { date: 'Mon, 30 Jun 2014 23:30:30 GMT',
140 silly registry.get     server: 'Apache',
140 silly registry.get     via: '1.1 varnish',
140 silly registry.get     'last-modified': 'Mon, 30 Jun 2014 23:25:11 GMT',
140 silly registry.get     'cache-control': 'max-age=30',
140 silly registry.get     etag: '"CYEPAHD8RPL2P0FZ37OJ6LZST"',
140 silly registry.get     'x-served-by': 'cache-lax1421-LAX',
140 silly registry.get     'x-cache': 'HIT',
140 silly registry.get     'x-cache-hits': '30',
140 silly registry.get     'x-timer': 'S1404171030.253855,VS0,VE0',
140 silly registry.get     vary: 'Accept',
140 silly registry.get     'content-length': '0',
140 silly registry.get     'keep-alive': 'timeout=10, max=50',
140 silly registry.get     connection: 'Keep-Alive' } ]
141 verbose etag grunt-contrib-watch from cache
142 http 304 https://registry.npmjs.org/grunt-contrib-jshint
143 silly registry.get cb [ 304,
143 silly registry.get   { date: 'Mon, 30 Jun 2014 23:30:30 GMT',
143 silly registry.get     server: 'Apache',
143 silly registry.get     via: '1.1 varnish',
143 silly registry.get     'last-modified': 'Mon, 30 Jun 2014 23:30:30 GMT',
143 silly registry.get     'cache-control': 'max-age=30',
143 silly registry.get     etag: '"7JLAFBKQONHIJVZEQQRWYF24Q"',
143 silly registry.get     'x-served-by': 'cache-lax1423-LAX',
143 silly registry.get     'x-cache': 'HIT',
143 silly registry.get     'x-cache-hits': '1',
143 silly registry.get     'x-timer': 'S1404171030.262904,VS0,VE0',
143 silly registry.get     vary: 'Accept',
143 silly registry.get     'content-length': '0',
143 silly registry.get     'keep-alive': 'timeout=10, max=50',
143 silly registry.get     connection: 'Keep-Alive' } ]
144 verbose etag grunt-contrib-jshint from cache
145 http 304 https://registry.npmjs.org/underscore
146 silly registry.get cb [ 304,
146 silly registry.get   { date: 'Mon, 30 Jun 2014 23:30:30 GMT',
146 silly registry.get     server: 'Apache',
146 silly registry.get     via: '1.1 varnish',
146 silly registry.get     'last-modified': 'Mon, 30 Jun 2014 23:30:30 GMT',
146 silly registry.get     'cache-control': 'max-age=30',
146 silly registry.get     etag: '"4LCU9JJMFR3UU4KY53I46X66T"',
146 silly registry.get     'x-served-by': 'cache-lax1435-LAX',
146 silly registry.get     'x-cache': 'HIT',
146 silly registry.get     'x-cache-hits': '1',
146 silly registry.get     'x-timer': 'S1404171030.262611,VS0,VE0',
146 silly registry.get     vary: 'Accept',
146 silly registry.get     'content-length': '0',
146 silly registry.get     'keep-alive': 'timeout=10, max=50',
146 silly registry.get     connection: 'Keep-Alive' } ]
147 verbose etag underscore from cache
148 http 304 https://registry.npmjs.org/load-grunt-tasks
149 silly registry.get cb [ 304,
149 silly registry.get   { date: 'Mon, 30 Jun 2014 23:30:30 GMT',
149 silly registry.get     server: 'Apache',
149 silly registry.get     via: '1.1 varnish',
149 silly registry.get     'last-modified': 'Mon, 30 Jun 2014 23:30:30 GMT',
149 silly registry.get     'cache-control': 'max-age=30',
149 silly registry.get     etag: '"CSNQUWKP9A83QZXL859ZTMELJ"',
149 silly registry.get     'x-served-by': 'cache-lax1428-LAX',
149 silly registry.get     'x-cache': 'HIT',
149 silly registry.get     'x-cache-hits': '1',
149 silly registry.get     'x-timer': 'S1404171030.249581,VS0,VE39',
149 silly registry.get     vary: 'Accept',
149 silly registry.get     'content-length': '0',
149 silly registry.get     'keep-alive': 'timeout=10, max=50',
149 silly registry.get     connection: 'Keep-Alive' } ]
150 verbose etag load-grunt-tasks from cache
151 http 304 https://registry.npmjs.org/grunt-contrib-nodeunit
152 silly registry.get cb [ 304,
152 silly registry.get   { date: 'Mon, 30 Jun 2014 23:30:30 GMT',
152 silly registry.get     server: 'Apache',
152 silly registry.get     via: '1.1 varnish',
152 silly registry.get     'last-modified': 'Mon, 30 Jun 2014 23:30:30 GMT',
152 silly registry.get     'cache-control': 'max-age=30',
152 silly registry.get     etag: '"1E44473EZZBZ6S2ONELHQU5K2"',
152 silly registry.get     'x-served-by': 'cache-lax1421-LAX',
152 silly registry.get     'x-cache': 'HIT',
152 silly registry.get     'x-cache-hits': '1',
152 silly registry.get     'x-timer': 'S1404171030.262681,VS0,VE79',
152 silly registry.get     vary: 'Accept',
152 silly registry.get     'content-length': '0',
152 silly registry.get     'keep-alive': 'timeout=10, max=50',
152 silly registry.get     connection: 'Keep-Alive' } ]
153 verbose etag grunt-contrib-nodeunit from cache
154 silly lockFile 1bfa20d8-grunt-contrib-jshint-0-10-0 grunt-contrib-jshint@^0.10.0
155 silly addNameRange number 2 { name: 'underscore', range: '>=1.6.0- <1.7.0-', hasData: true }
156 silly addNameRange versions [ 'underscore',
156 silly addNameRange   [ '1.0.3',
156 silly addNameRange     '1.0.4',
156 silly addNameRange     '1.1.0',
156 silly addNameRange     '1.1.1',
156 silly addNameRange     '1.1.2',
156 silly addNameRange     '1.1.3',
156 silly addNameRange     '1.1.4',
156 silly addNameRange     '1.1.5',
156 silly addNameRange     '1.1.6',
156 silly addNameRange     '1.1.7',
156 silly addNameRange     '1.2.0',
156 silly addNameRange     '1.2.1',
156 silly addNameRange     '1.2.2',
156 silly addNameRange     '1.2.3',
156 silly addNameRange     '1.2.4',
156 silly addNameRange     '1.3.0',
156 silly addNameRange     '1.3.1',
156 silly addNameRange     '1.3.2',
156 silly addNameRange     '1.3.3',
156 silly addNameRange     '1.4.0',
156 silly addNameRange     '1.4.1',
156 silly addNameRange     '1.4.2',
156 silly addNameRange     '1.4.3',
156 silly addNameRange     '1.4.4',
156 silly addNameRange     '1.5.0',
156 silly addNameRange     '1.5.1',
156 silly addNameRange     '1.5.2',
156 silly addNameRange     '1.6.0' ] ]
157 verbose addNamed [ 'underscore', '1.6.0' ]
158 verbose addNamed [ '1.6.0', '1.6.0' ]
159 silly lockFile 96960ed1-underscore-1-6-0 underscore@1.6.0
160 verbose lock underscore@1.6.0 /Users/feliperoriz/.npm/96960ed1-underscore-1-6-0.lock
161 silly lockFile 224b1ece-grunt-contrib-watch-0-6-1 grunt-contrib-watch@^0.6.1
162 silly lockFile b8239e6c-load-grunt-tasks-0-4-0 load-grunt-tasks@^0.4.0
163 error Error: No compatible version found: grunt-contrib-jshint@'^0.10.0'
163 error Valid install targets:
163 error ["0.1.0","0.1.1","0.2.0","0.3.0","0.4.0","0.4.1","0.4.2","0.4.3","0.5.0","0.5.1","0.5.2","0.5.3","0.5.4","0.6.0","0.6.1","0.6.2","0.6.3","0.6.4","0.6.5","0.7.0","0.7.1","0.7.2","0.8.0","0.9.0","0.9.1","0.9.2","0.10.0","0.1.1-rc5","0.1.1-rc6"]
163 error     at installTargetsError (/usr/local/lib/node_modules/npm/lib/cache.js:564:10)
163 error     at /usr/local/lib/node_modules/npm/lib/cache.js:479:10
163 error     at saved (/usr/local/lib/node_modules/npm/node_modules/npm-registry-client/lib/get.js:138:7)
163 error     at /usr/local/lib/node_modules/npm/node_modules/graceful-fs/graceful-fs.js:218:7
163 error     at Object.oncomplete (fs.js:297:15)
164 error If you need help, you may report this log at:
164 error     <http://github.com/isaacs/npm/issues>
164 error or email it to:
164 error     <npm-@googlegroups.com>
165 error System Darwin 13.2.0
166 error command "node" "/usr/local/bin/npm" "install"
167 error cwd /Users/feliperoriz/Google Drive/Companies/Tech Draft/PeopleCoChallenge/peopleco-challenge-nodejs
168 error node -v v0.8.17
169 error npm -v 1.2.0
170 verbose exit [ 1, true ]
